2024-12-10T16:23:09.345Z INFO @wdio/local-runner: Run worker command: run
2024-12-10T16:23:11.137Z WARN @wdio/mocha-framework: Unable to load spec files quite likely because they rely on `browser` object that is not fully initialized.
`browser` object has only `capabilities` and some flags like `isMobile`.
Helper files that use other `browser` commands have to be moved to `before` hook.
Spec file(s): file:///C:/Users/Elena/Desktop/Practice2/test/specs/test.specs.js
Error: Error: Cannot find module 'mocha'
Require stack:
- C:\Users\Elena\Desktop\Practice2\test\specs\test.specs.js
- C:\Users\Elena\Desktop\Practice2\node_modules\@wdio\mocha-framework\node_modules\mocha\lib\nodejs\esm-utils.js
- C:\Users\Elena\Desktop\Practice2\node_modules\@wdio\mocha-framework\node_modules\mocha\lib\mocha.js
    at node:internal/modules/cjs/loader:1249:15
    at m._resolveFilename (file:///C:/Users/Elena/Desktop/Practice2/node_modules/tsx/dist/register-RyGUjI6j.mjs:1:789)
    at nextResolveSimple (C:\Users\Elena\Desktop\Practice2\node_modules\tsx\dist\register-DCnOAxY2.cjs:3:942)
    at C:\Users\Elena\Desktop\Practice2\node_modules\tsx\dist\register-DCnOAxY2.cjs:2:2550
    at C:\Users\Elena\Desktop\Practice2\node_modules\tsx\dist\register-DCnOAxY2.cjs:2:1624
    at resolveTsPaths (C:\Users\Elena\Desktop\Practice2\node_modules\tsx\dist\register-DCnOAxY2.cjs:3:760)
    at Function._resolveFilename (C:\Users\Elena\Desktop\Practice2\node_modules\tsx\dist\register-DCnOAxY2.cjs:3:1038)
    at Function._load (node:internal/modules/cjs/loader:1075:27)
    at TracingChannel.traceSync (node:diagnostics_channel:322:14)
    at wrapModuleLoad (node:internal/modules/cjs/loader:219:24)
2024-12-10T16:23:11.142Z INFO webdriver: Initiate new session using the WebDriver protocol
2024-12-10T16:23:11.143Z INFO @wdio/utils: Connecting to existing driver at http://localhost:9515/
2024-12-10T16:23:11.145Z INFO webdriver: [POST] http://localhost:9515/session
2024-12-10T16:23:11.145Z INFO webdriver: DATA {
  capabilities: {
    alwaysMatch: {
      browserName: 'chrome',
      webSocketUrl: true,
      unhandledPromptBehavior: 'ignore'
    },
    firstMatch: [ {} ]
  }
}
2024-12-10T16:23:11.909Z INFO webdriver: Register BiDi handler for session with id abb29ea1bad075ca3c0effcf6d670103
2024-12-10T16:23:11.909Z INFO webdriver: Connect to webSocketUrl ws://127.0.0.1:9515/session/abb29ea1bad075ca3c0effcf6d670103
2024-12-10T16:23:11.924Z INFO webdriver: Connected session to Bidi protocol
2024-12-10T16:23:11.926Z INFO webdriver: COMMAND getWindowHandle()
2024-12-10T16:23:11.926Z INFO webdriver: BIDI COMMAND session.subscribe {"events":["log.entryAdded","browsingContext.navigationStarted"]}
2024-12-10T16:23:11.927Z INFO webdriver: BIDI COMMAND script.addPreloadScript { functionDeclaration: <PreloadScript[1319 bytes]>, contexts: undefined }
2024-12-10T16:23:11.927Z INFO webdriver: BIDI COMMAND session.subscribe {"events":["browsingContext.navigationStarted","network.responseCompleted","network.beforeRequestSent","network.fetchError"]}
2024-12-10T16:23:11.928Z INFO webdriver: BIDI COMMAND session.subscribe {"events":["browsingContext.userPromptOpened"]}
2024-12-10T16:23:11.928Z INFO webdriver: COMMAND getWindowHandle()
2024-12-10T16:23:11.928Z INFO webdriver: Connected to WebDriver Bidi interface at ws://127.0.0.1:9515/session/abb29ea1bad075ca3c0effcf6d670103
2024-12-10T16:23:11.928Z INFO webdriver: [GET] http://localhost:9515/session/abb29ea1bad075ca3c0effcf6d670103/window
2024-12-10T16:23:11.929Z INFO webdriver: [GET] http://localhost:9515/session/abb29ea1bad075ca3c0effcf6d670103/window
2024-12-10T16:23:11.931Z INFO webdriver: COMMAND getWindowHandle()
2024-12-10T16:23:11.932Z INFO webdriver: [GET] http://localhost:9515/session/abb29ea1bad075ca3c0effcf6d670103/window
2024-12-10T16:23:11.936Z INFO webdriver: RESULT B0CD9A4D3E2092D58F6F25E8E58A5EB6
2024-12-10T16:23:11.937Z INFO webdriver: BIDI COMMAND script.callFunction {"functionDeclaration":"<Function[220 bytes]>","awaitPromise":true,"arguments":[{"type":"string","value":"var __defProp = Object.defineProperty;var __name = function (target, value) { return __defProp(target, 'name', { value: value, configurable: true }); };var __globalThis = (typeof globalThis === 'object' && globalThis) || (typeof window === 'object' && window);__globalThis.__name = __name;"}],"target":{"context":"B0CD9A4D3E2092D58F6F25E8E58A5EB6"}}
2024-12-10T16:23:11.941Z INFO webdriver: RESULT B0CD9A4D3E2092D58F6F25E8E58A5EB6
2024-12-10T16:23:11.942Z INFO webdriver: RESULT B0CD9A4D3E2092D58F6F25E8E58A5EB6
2024-12-10T16:23:11.942Z INFO webdriver: BIDI COMMAND script.addPreloadScript { functionDeclaration: <PreloadScript[482 bytes]>, contexts: ["B0CD9A4D3E2092D58F6F25E8E58A5EB6"] }
2024-12-10T16:23:11.946Z INFO webdriver: BIDI RESULT {"id":1,"result":{},"type":"success"}
2024-12-10T16:23:11.951Z INFO webdriver: BIDI RESULT {"id":4,"result":{},"type":"success"}
2024-12-10T16:23:11.968Z INFO webdriver: BIDI RESULT {"id":2,"result":{"script":"69fa4ddb-4603-4c4a-8186-f83b02bb50f9"},"type":"success"}
2024-12-10T16:23:11.970Z INFO webdriver: BIDI RESULT {"id":3,"result":{},"type":"success"}
2024-12-10T16:23:11.973Z INFO webdriver: BIDI RESULT {"id":5,"result":{"realm":"632831437074578248.-4494334620046275794","result":{"type":"undefined"},"type":"success"},"type":"success"}
2024-12-10T16:23:11.974Z INFO webdriver: BIDI RESULT {"id":6,"result":{"script":"01986af6-4486-43c5-92db-d2902117e2d6"},"type":"success"}
2024-12-10T16:23:11.974Z INFO webdriver: BIDI COMMAND session.subscribe {"events":["script.message"]}
2024-12-10T16:23:11.976Z INFO webdriver: BIDI RESULT {"id":7,"result":{},"type":"success"}
2024-12-10T16:23:11.976Z INFO webdriverio:PolyfillManager: polyfill script added
2024-12-10T16:23:11.979Z ERROR @wdio/utils:shim: Error [ERR_MODULE_NOT_FOUND]: Cannot find package 'expect-webdriverio' imported from C:\Users\Elena\Desktop\Practice2\wdio.conf.js
    at packageResolve (node:internal/modules/esm/resolve:857:9)
    at moduleResolve (node:internal/modules/esm/resolve:926:18)
    at defaultResolve (node:internal/modules/esm/resolve:1056:11)
    at nextResolve (node:internal/modules/esm/hooks:748:28)
    at resolveBase (file:///C:/Users/Elena/Desktop/Practice2/node_modules/tsx/dist/esm/index.mjs?1733847788561:2:3212)
    at resolveDirectory (file:///C:/Users/Elena/Desktop/Practice2/node_modules/tsx/dist/esm/index.mjs?1733847788561:2:3584)
    at resolveTsPaths (file:///C:/Users/Elena/Desktop/Practice2/node_modules/tsx/dist/esm/index.mjs?1733847788561:2:4073)
    at resolve (file:///C:/Users/Elena/Desktop/Practice2/node_modules/tsx/dist/esm/index.mjs?1733847788561:2:4447)
    at nextResolve (node:internal/modules/esm/hooks:748:28)
    at Hooks.resolve (node:internal/modules/esm/hooks:240:30)
2024-12-10T16:23:11.983Z ERROR @wdio/runner: Error: Unable to load spec files quite likely because they rely on `browser` object that is not fully initialized.
`browser` object has only `capabilities` and some flags like `isMobile`.
Helper files that use other `browser` commands have to be moved to `before` hook.
Spec file(s): file:///C:/Users/Elena/Desktop/Practice2/test/specs/test.specs.js
Error: Error: Cannot find module 'mocha'
Require stack:
- C:\Users\Elena\Desktop\Practice2\test\specs\test.specs.js
- C:\Users\Elena\Desktop\Practice2\node_modules\@wdio\mocha-framework\node_modules\mocha\lib\nodejs\esm-utils.js
- C:\Users\Elena\Desktop\Practice2\node_modules\@wdio\mocha-framework\node_modules\mocha\lib\mocha.js
    at node:internal/modules/cjs/loader:1249:15
    at m._resolveFilename (file:///C:/Users/Elena/Desktop/Practice2/node_modules/tsx/dist/register-RyGUjI6j.mjs:1:789)
    at nextResolveSimple (C:\Users\Elena\Desktop\Practice2\node_modules\tsx\dist\register-DCnOAxY2.cjs:3:942)
    at C:\Users\Elena\Desktop\Practice2\node_modules\tsx\dist\register-DCnOAxY2.cjs:2:2550
    at C:\Users\Elena\Desktop\Practice2\node_modules\tsx\dist\register-DCnOAxY2.cjs:2:1624
    at resolveTsPaths (C:\Users\Elena\Desktop\Practice2\node_modules\tsx\dist\register-DCnOAxY2.cjs:3:760)
    at Function._resolveFilename (C:\Users\Elena\Desktop\Practice2\node_modules\tsx\dist\register-DCnOAxY2.cjs:3:1038)
    at Function._load (node:internal/modules/cjs/loader:1075:27)
    at TracingChannel.traceSync (node:diagnostics_channel:322:14)
    at wrapModuleLoad (node:internal/modules/cjs/loader:219:24)
    at MochaAdapter._loadFiles (C:\Users\Elena\Desktop\Practice2\node_modules\@wdio\mocha-framework\build\index.js:212:29)
    at async MochaAdapter.init (C:\Users\Elena\Desktop\Practice2\node_modules\@wdio\mocha-framework\build\index.js:193:5)
    at async Object.adapterFactory.init (C:\Users\Elena\Desktop\Practice2\node_modules\@wdio\mocha-framework\build\index.js:332:20)
    at async Runner.run (file:///C:/Users/Elena/Desktop/Practice2/node_modules/@wdio/runner/build/index.js:667:23)
2024-12-10T16:23:11.991Z INFO webdriver: COMMAND deleteSession()
2024-12-10T16:23:11.992Z INFO webdriver: [DELETE] http://localhost:9515/session/abb29ea1bad075ca3c0effcf6d670103
2024-12-10T16:23:12.111Z INFO webdriver: RESULT null
2024-12-10T16:23:12.112Z INFO webdriver: Close Bidi connection to ws://127.0.0.1:9515/session/abb29ea1bad075ca3c0effcf6d670103
