2024-12-09T15:30:36.135Z INFO @wdio/local-runner: Run worker command: run
2024-12-09T15:30:37.003Z INFO webdriver: Initiate new session using the WebDriver protocol
2024-12-09T15:30:37.715Z INFO webdriver: Setting up firefox vnightly_135.0a1
2024-12-09T15:30:37.722Z INFO geckodriver: Starting Geckodriver at C:\Users\Elena\AppData\Local\Temp\geckodriver.exe with params: --port=61272 --allow-hosts=localhost --host=0.0.0.0 --websocket-port=0
2024-12-09T15:30:38.741Z INFO @wdio/utils: Started GeckoDriver in 1532ms on port 61272
2024-12-09T15:30:38.743Z INFO webdriver: [POST] http://localhost:61272/session
2024-12-09T15:30:38.743Z INFO webdriver: DATA {
  capabilities: {
    alwaysMatch: {
      browserName: 'firefox',
      'moz:firefoxOptions': [Object],
      webSocketUrl: true,
      unhandledPromptBehavior: 'ignore'
    },
    firstMatch: [ {} ]
  }
}
2024-12-09T15:30:38.759Z WARN webdriver: WebDriverError: Request failed with error code ECONNREFUSED when running "http://localhost:61272/session" with method "POST" and args "{"capabilities":{"alwaysMatch":{"browserName":"firefox","moz:firefoxOptions":{"binary":"C:\\Users\\Elena\\AppData\\Local\\Temp\\firefox\\win64-nightly_135.0a1\\firefox\\firefox.exe","args":["-headless"],"prefs":{"browser.startup.homepage":"about:blank"}},"webSocketUrl":true,"unhandledPromptBehavior":"ignore"},"firstMatch":[{}]}}"
2024-12-09T15:30:38.760Z INFO webdriver: Retrying 1/3
2024-12-09T15:30:38.760Z INFO webdriver: [POST] http://localhost:61272/session
2024-12-09T15:30:38.760Z INFO webdriver: DATA {
  capabilities: {
    alwaysMatch: {
      browserName: 'firefox',
      'moz:firefoxOptions': [Object],
      webSocketUrl: true,
      unhandledPromptBehavior: 'ignore'
    },
    firstMatch: [ {} ]
  }
}
2024-12-09T15:30:39.269Z WARN webdriver: WebDriverError: Request failed with error code ECONNREFUSED when running "http://localhost:61272/session" with method "POST" and args "{"capabilities":{"alwaysMatch":{"browserName":"firefox","moz:firefoxOptions":{"binary":"C:\\Users\\Elena\\AppData\\Local\\Temp\\firefox\\win64-nightly_135.0a1\\firefox\\firefox.exe","args":["-headless"],"prefs":{"browser.startup.homepage":"about:blank"}},"webSocketUrl":true,"unhandledPromptBehavior":"ignore"},"firstMatch":[{}]}}"
2024-12-09T15:30:39.269Z INFO webdriver: Retrying 2/3
2024-12-09T15:30:39.269Z INFO webdriver: [POST] http://localhost:61272/session
2024-12-09T15:30:39.269Z INFO webdriver: DATA {
  capabilities: {
    alwaysMatch: {
      browserName: 'firefox',
      'moz:firefoxOptions': [Object],
      webSocketUrl: true,
      unhandledPromptBehavior: 'ignore'
    },
    firstMatch: [ {} ]
  }
}
2024-12-09T15:30:40.278Z WARN webdriver: WebDriverError: Request failed with error code ECONNREFUSED when running "http://localhost:61272/session" with method "POST" and args "{"capabilities":{"alwaysMatch":{"browserName":"firefox","moz:firefoxOptions":{"binary":"C:\\Users\\Elena\\AppData\\Local\\Temp\\firefox\\win64-nightly_135.0a1\\firefox\\firefox.exe","args":["-headless"],"prefs":{"browser.startup.homepage":"about:blank"}},"webSocketUrl":true,"unhandledPromptBehavior":"ignore"},"firstMatch":[{}]}}"
2024-12-09T15:30:40.279Z INFO webdriver: Retrying 3/3
2024-12-09T15:30:40.279Z INFO webdriver: [POST] http://localhost:61272/session
2024-12-09T15:30:40.279Z INFO webdriver: DATA {
  capabilities: {
    alwaysMatch: {
      browserName: 'firefox',
      'moz:firefoxOptions': [Object],
      webSocketUrl: true,
      unhandledPromptBehavior: 'ignore'
    },
    firstMatch: [ {} ]
  }
}
2024-12-09T15:30:40.283Z ERROR webdriver: WebDriverError: Request failed with error code ECONNREFUSED when running "http://localhost:61272/session" with method "POST" and args "{"capabilities":{"alwaysMatch":{"browserName":"firefox","moz:firefoxOptions":{"binary":"C:\\Users\\Elena\\AppData\\Local\\Temp\\firefox\\win64-nightly_135.0a1\\firefox\\firefox.exe","args":["-headless"],"prefs":{"browser.startup.homepage":"about:blank"}},"webSocketUrl":true,"unhandledPromptBehavior":"ignore"},"firstMatch":[{}]}}"
2024-12-09T15:30:40.284Z ERROR webdriver: Error: WebDriverError: Request failed with error code ECONNREFUSED when running "http://localhost:61272/session" with method "POST" and args "{"capabilities":{"alwaysMatch":{"browserName":"firefox","moz:firefoxOptions":{"binary":"C:\\Users\\Elena\\AppData\\Local\\Temp\\firefox\\win64-nightly_135.0a1\\firefox\\firefox.exe","args":["-headless"],"prefs":{"browser.startup.homepage":"about:blank"}},"webSocketUrl":true,"unhandledPromptBehavior":"ignore"},"firstMatch":[{}]}}"
    at FetchRequest._libRequest (file:///C:/Users/Elena/Desktop/Practice2/node_modules/webdriver/build/node.js:1607:13)
    at process.processTicksAndRejections (node:internal/process/task_queues:105:5)
    at async FetchRequest._request (file:///C:/Users/Elena/Desktop/Practice2/node_modules/webdriver/build/node.js:1617:20)
    at async startWebDriverSession (file:///C:/Users/Elena/Desktop/Practice2/node_modules/webdriver/build/node.js:1022:16)
    at async _WebDriver.newSession (file:///C:/Users/Elena/Desktop/Practice2/node_modules/webdriver/build/node.js:1238:41)
    at async remote (C:\Users\Elena\Desktop\Practice2\node_modules\@wdio\runner\node_modules\webdriverio\build\index.js:7810:20)
    at async Runner._startSession (file:///C:/Users/Elena/Desktop/Practice2/node_modules/@wdio/runner/build/index.js:791:23)
    at async Runner._initSession (file:///C:/Users/Elena/Desktop/Practice2/node_modules/@wdio/runner/build/index.js:765:22)
    at async Runner.run (file:///C:/Users/Elena/Desktop/Practice2/node_modules/@wdio/runner/build/index.js:672:16)
2024-12-09T15:30:40.323Z ERROR @wdio/runner: Error: Failed to create session.
Unable to connect to "http://localhost:61272/", make sure browser driver is running on that address.
It seems like the service failed to start or is rejecting any connections.
    at startWebDriverSession (file:///C:/Users/Elena/Desktop/Practice2/node_modules/webdriver/build/node.js:1026:11)
    at process.processTicksAndRejections (node:internal/process/task_queues:105:5)
    at async _WebDriver.newSession (file:///C:/Users/Elena/Desktop/Practice2/node_modules/webdriver/build/node.js:1238:41)
    at async remote (C:\Users\Elena\Desktop\Practice2\node_modules\@wdio\runner\node_modules\webdriverio\build\index.js:7810:20)
    at async Runner._startSession (file:///C:/Users/Elena/Desktop/Practice2/node_modules/@wdio/runner/build/index.js:791:23)
    at async Runner._initSession (file:///C:/Users/Elena/Desktop/Practice2/node_modules/@wdio/runner/build/index.js:765:22)
    at async Runner.run (file:///C:/Users/Elena/Desktop/Practice2/node_modules/@wdio/runner/build/index.js:672:16)
